  [1m[35m (38.6ms)[0m  [1m[35mSET NAMES utf8,  @@SESSION.sql_mode = CONCAT(CONCAT(@@sql_mode, ',STRICT_ALL_TABLES'), ',NO_AUTO_VALUE_ON_ZERO'),  @@SESSION.sql_auto_is_null = 0, @@SESSION.wait_timeout = 2147483[0m
  ↳ /home/amradel/.rvm/gems/ruby-2.5.1/bin/rake:23
  [1m[35m (0.4ms)[0m  [1m[35mCREATE DATABASE `insta-task_development` DEFAULT CHARACTER SET `utf8`[0m
  ↳ /home/amradel/.rvm/gems/ruby-2.5.1/bin/rake:23
  [1m[35m (0.2ms)[0m  [1m[35mSET NAMES utf8,  @@SESSION.sql_mode = CONCAT(CONCAT(@@sql_mode, ',STRICT_ALL_TABLES'), ',NO_AUTO_VALUE_ON_ZERO'),  @@SESSION.sql_auto_is_null = 0, @@SESSION.wait_timeout = 2147483[0m
  ↳ /home/amradel/.rvm/gems/ruby-2.5.1/bin/rake:23
  [1m[35m (0.3ms)[0m  [1m[35mCREATE DATABASE `insta-task_test` DEFAULT CHARACTER SET `utf8`[0m
  ↳ /home/amradel/.rvm/gems/ruby-2.5.1/bin/rake:23
  [1m[35m (0.3ms)[0m  [1m[35mSET NAMES utf8,  @@SESSION.sql_mode = CONCAT(CONCAT(@@sql_mode, ',STRICT_ALL_TABLES'), ',NO_AUTO_VALUE_ON_ZERO'),  @@SESSION.sql_auto_is_null = 0, @@SESSION.wait_timeout = 2147483[0m
  ↳ /home/amradel/.rvm/gems/ruby-2.5.1/bin/rake:23
  [1m[35m (267.0ms)[0m  [1m[35mCREATE TABLE `schema_migrations` (`version` varchar(255) NOT NULL PRIMARY KEY)[0m
  ↳ /home/amradel/.rvm/gems/ruby-2.5.1/bin/rake:23
  [1m[35m (230.9ms)[0m  [1m[35mCREATE TABLE `ar_internal_metadata` (`key` varchar(255) NOT NULL PRIMARY KEY, `value` varchar(255), `created_at` datetime NOT NULL, `updated_at` datetime NOT NULL)[0m
  ↳ /home/amradel/.rvm/gems/ruby-2.5.1/bin/rake:23
  [1m[35m (0.6ms)[0m  [1m[34mSELECT GET_LOCK('3140016106456537875', 0)[0m
  ↳ /home/amradel/.rvm/gems/ruby-2.5.1/bin/rake:23
  [1m[35m (0.8ms)[0m  [1m[34mSELECT `schema_migrations`.`version` FROM `schema_migrations` ORDER BY `schema_migrations`.`version` ASC[0m
  ↳ /home/amradel/.rvm/gems/ruby-2.5.1/bin/rake:23
Migrating to CreateApplications (20210131151442)
  [1m[35m (340.0ms)[0m  [1m[35mCREATE TABLE `applications` (`id` bigint NOT NULL AUTO_INCREMENT PRIMARY KEY, `desc` varchar(255), `token` varchar(255), `chats_count` int DEFAULT 0, `created_at` datetime NOT NULL, `updated_at` datetime NOT NULL,  INDEX `index_applications_on_token`  (`token`),  INDEX `index_applications_on_id_and_token`  (`id`, `token`))[0m
  ↳ db/migrate/20210131151442_create_applications.rb:3
  [1m[35m (0.4ms)[0m  [1m[35mBEGIN[0m
  ↳ /home/amradel/.rvm/gems/ruby-2.5.1/bin/rake:23
  [1m[36mActiveRecord::SchemaMigration Create (0.7ms)[0m  [1m[32mINSERT INTO `schema_migrations` (`version`) VALUES ('20210131151442')[0m
  ↳ /home/amradel/.rvm/gems/ruby-2.5.1/bin/rake:23
  [1m[35m (36.2ms)[0m  [1m[35mCOMMIT[0m
  ↳ /home/amradel/.rvm/gems/ruby-2.5.1/bin/rake:23
Migrating to CreateChats (20210131551643)
  [1m[35m (313.5ms)[0m  [1m[35mCREATE TABLE `chats` (`id` bigint NOT NULL AUTO_INCREMENT PRIMARY KEY, `messages_count` int DEFAULT 0, `chat_number` int, `application_id` bigint, `created_at` datetime NOT NULL, `updated_at` datetime NOT NULL,  INDEX `index_chats_on_application_id`  (`application_id`), UNIQUE INDEX `index_chats_on_application_id_and_chat_number`  (`application_id`, `chat_number`), CONSTRAINT `fk_rails_3b5054ba3a`
FOREIGN KEY (`application_id`)
  REFERENCES `applications` (`id`)
)[0m
  ↳ db/migrate/20210131551643_create_chats.rb:3
  [1m[35m (0.5ms)[0m  [1m[35mBEGIN[0m
  ↳ /home/amradel/.rvm/gems/ruby-2.5.1/bin/rake:23
  [1m[36mActiveRecord::SchemaMigration Create (0.7ms)[0m  [1m[32mINSERT INTO `schema_migrations` (`version`) VALUES ('20210131551643')[0m
  ↳ /home/amradel/.rvm/gems/ruby-2.5.1/bin/rake:23
  [1m[35m (80.5ms)[0m  [1m[35mCOMMIT[0m
  ↳ /home/amradel/.rvm/gems/ruby-2.5.1/bin/rake:23
Migrating to CreateMessages (20210131851249)
  [1m[35m (931.0ms)[0m  [1m[35mCREATE TABLE `messages` (`id` bigint NOT NULL AUTO_INCREMENT PRIMARY KEY, `body` varchar(255), `message_number` int, `chat_id` bigint, `created_at` datetime NOT NULL, `updated_at` datetime NOT NULL,  INDEX `index_messages_on_chat_id`  (`chat_id`), UNIQUE INDEX `index_messages_on_chat_id_and_message_number`  (`chat_id`, `message_number`), CONSTRAINT `fk_rails_0f670de7ba`
FOREIGN KEY (`chat_id`)
  REFERENCES `chats` (`id`)
)[0m
  ↳ db/migrate/20210131851249_create_messages.rb:3
  [1m[35m (0.4ms)[0m  [1m[35mBEGIN[0m
  ↳ /home/amradel/.rvm/gems/ruby-2.5.1/bin/rake:23
  [1m[36mActiveRecord::SchemaMigration Create (0.6ms)[0m  [1m[32mINSERT INTO `schema_migrations` (`version`) VALUES ('20210131851249')[0m
  ↳ /home/amradel/.rvm/gems/ruby-2.5.1/bin/rake:23
  [1m[35m (41.1ms)[0m  [1m[35mCOMMIT[0m
  ↳ /home/amradel/.rvm/gems/ruby-2.5.1/bin/rake:23
  [1m[36mActiveRecord::InternalMetadata Load (0.7ms)[0m  [1m[34mSELECT  `ar_internal_metadata`.* FROM `ar_internal_metadata` WHERE `ar_internal_metadata`.`key` = 'environment' LIMIT 1[0m
  ↳ /home/amradel/.rvm/gems/ruby-2.5.1/bin/rake:23
  [1m[35m (0.4ms)[0m  [1m[35mBEGIN[0m
  ↳ /home/amradel/.rvm/gems/ruby-2.5.1/bin/rake:23
  [1m[36mActiveRecord::InternalMetadata Create (0.6ms)[0m  [1m[32mINSERT INTO `ar_internal_metadata` (`key`, `value`, `created_at`, `updated_at`) VALUES ('environment', 'development', '2021-01-31 15:30:31', '2021-01-31 15:30:31')[0m
  ↳ /home/amradel/.rvm/gems/ruby-2.5.1/bin/rake:23
  [1m[35m (337.6ms)[0m  [1m[35mCOMMIT[0m
  ↳ /home/amradel/.rvm/gems/ruby-2.5.1/bin/rake:23
  [1m[35m (0.7ms)[0m  [1m[34mSELECT RELEASE_LOCK('3140016106456537875')[0m
  ↳ /home/amradel/.rvm/gems/ruby-2.5.1/bin/rake:23
  [1m[35m (0.7ms)[0m  [1m[34mSELECT `schema_migrations`.`version` FROM `schema_migrations` ORDER BY `schema_migrations`.`version` ASC[0m
  ↳ /home/amradel/.rvm/gems/ruby-2.5.1/bin/rake:23
